build/intermediates/manifest_merge_blame_file/release/manifest-merger-blame-release-report.txt
1<?xml version="1.0" encoding="utf-8"?>
2<manifest xmlns:android="http://schemas.android.com/apk/res/android"
3    package="com.sss.foody.box"
4    android:versionCode="17"
5    android:versionName="v2.3" >
6
7    <uses-sdk
8        android:minSdkVersion="22"
8-->src/main/AndroidManifest.xml
9        android:targetSdkVersion="28" />
9-->src/main/AndroidManifest.xml
10
11    <uses-permission android:name="android.permission.INTERNET" />
11-->src/main/AndroidManifest.xml:5:5-67
11-->src/main/AndroidManifest.xml:5:22-64
12    <uses-permission android:name="android.permission.ACCESS_NETWORK_STATE" />
12-->src/main/AndroidManifest.xml:6:5-79
12-->src/main/AndroidManifest.xml:6:22-76
13    <uses-permission android:name="android.permission.ACCESS_WIFI_STATE" />
13-->src/main/AndroidManifest.xml:7:5-76
13-->src/main/AndroidManifest.xml:7:22-73
14    <uses-permission android:name="android.permission.WAKE_LOCK" /> <!-- Required by older versions of Google Play services to create IID tokens -->
14-->[com.google.android.gms:play-services-measurement-api:17.2.2] AndroidManifest.xml:24:5-68
14-->[com.google.android.gms:play-services-measurement-api:17.2.2] AndroidManifest.xml:24:22-65
15    <uses-permission android:name="com.google.android.c2dm.permission.RECEIVE" />
15-->[com.google.firebase:firebase-iid:20.0.2] AndroidManifest.xml:26:5-82
15-->[com.google.firebase:firebase-iid:20.0.2] AndroidManifest.xml:26:22-79
16    <uses-permission android:name="com.google.android.finsky.permission.BIND_GET_INSTALL_REFERRER_SERVICE" />
16-->[com.google.android.gms:play-services-measurement:17.2.2] AndroidManifest.xml:26:5-110
16-->[com.google.android.gms:play-services-measurement:17.2.2] AndroidManifest.xml:26:22-107
17
18    <application
18-->src/main/AndroidManifest.xml:9:5-45:19
19        android:allowBackup="true"
19-->src/main/AndroidManifest.xml:10:9-35
20        android:appComponentFactory="androidx.core.app.CoreComponentFactory"
20-->[androidx.core:core:1.1.0] AndroidManifest.xml:24:18-86
21        android:icon="@mipmap/ic_launcher"
21-->src/main/AndroidManifest.xml:11:9-43
22        android:label="@string/app_name"
22-->src/main/AndroidManifest.xml:12:9-41
23        android:roundIcon="@mipmap/ic_launcher_round"
23-->src/main/AndroidManifest.xml:13:9-54
24        android:supportsRtl="true"
24-->src/main/AndroidManifest.xml:14:9-35
25        android:theme="@style/AppTheme"
25-->src/main/AndroidManifest.xml:15:9-40
26        android:usesCleartextTraffic="true" >
26-->src/main/AndroidManifest.xml:16:9-44
27        <activity android:name="com.sss.foody.box.BaseActivity" />
27-->src/main/AndroidManifest.xml:17:9-49
27-->src/main/AndroidManifest.xml:17:19-47
28        <activity android:name="com.sss.foody.box.LoadingActivity" />
28-->src/main/AndroidManifest.xml:18:9-53
28-->src/main/AndroidManifest.xml:18:19-50
29        <activity android:name="com.sss.foody.box.deciding" />
29-->src/main/AndroidManifest.xml:19:9-46
29-->src/main/AndroidManifest.xml:19:19-43
30        <activity
30-->src/main/AndroidManifest.xml:20:9-26:20
31            android:name="com.sss.foody.box.splash"
31-->src/main/AndroidManifest.xml:21:13-35
32            android:theme="@style/AppTheme.NoActionBar" >
32-->src/main/AndroidManifest.xml:22:13-56
33            <intent-filter>
33-->src/main/AndroidManifest.xml:23:13-25:29
34                <category android:name="android.intent.category.LAUNCHER" />
34-->src/main/AndroidManifest.xml:24:17-77
34-->src/main/AndroidManifest.xml:24:27-74
35            </intent-filter>
36        </activity>
37        <activity
37-->src/main/AndroidManifest.xml:27:9-35:20
38            android:name="com.sss.foody.box.AuthenticationActivity"
38-->src/main/AndroidManifest.xml:28:13-51
39            android:theme="@style/AppTheme.NoActionBar" >
39-->src/main/AndroidManifest.xml:29:13-56
40            <intent-filter>
40-->src/main/AndroidManifest.xml:30:13-34:29
41                <action android:name="android.intent.action.MAIN" />
41-->src/main/AndroidManifest.xml:31:17-69
41-->src/main/AndroidManifest.xml:31:25-66
42
43                <category android:name="android.intent.category.LAUNCHER" />
43-->src/main/AndroidManifest.xml:24:17-77
43-->src/main/AndroidManifest.xml:24:27-74
44            </intent-filter>
45        </activity>
46        <activity
46-->src/main/AndroidManifest.xml:36:9-38:52
47            android:name="com.sss.foody.box.MainActivity"
47-->src/main/AndroidManifest.xml:37:13-41
48            android:parentActivityName="com.sss.foody.box.splash" />
48-->src/main/AndroidManifest.xml:38:13-49
49
50        <service android:name="com.sss.foody.box.FcmMessagingService" >
50-->src/main/AndroidManifest.xml:40:9-44:19
50-->src/main/AndroidManifest.xml:40:18-53
51            <intent-filter>
51-->src/main/AndroidManifest.xml:41:13-43:29
52                <action android:name="com.google.firebase.MESSAGING_EVENT" />
52-->src/main/AndroidManifest.xml:42:17-78
52-->src/main/AndroidManifest.xml:42:25-75
53            </intent-filter>
54        </service>
55
56        <meta-data
56-->[com.firebaseui:firebase-ui-auth:6.2.0] AndroidManifest.xml:16:9-18:69
57            android:name="com.google.android.gms.version"
57-->[com.firebaseui:firebase-ui-auth:6.2.0] AndroidManifest.xml:17:13-58
58            android:value="@integer/google_play_services_version" />
58-->[com.firebaseui:firebase-ui-auth:6.2.0] AndroidManifest.xml:18:13-66
59        <meta-data
59-->[com.firebaseui:firebase-ui-auth:6.2.0] AndroidManifest.xml:19:9-21:63
60            android:name="com.facebook.sdk.ApplicationId"
60-->[com.firebaseui:firebase-ui-auth:6.2.0] AndroidManifest.xml:20:13-58
61            android:value="@string/facebook_application_id" />
61-->[com.firebaseui:firebase-ui-auth:6.2.0] AndroidManifest.xml:21:13-60
62
63        <activity
63-->[com.firebaseui:firebase-ui-auth:6.2.0] AndroidManifest.xml:23:9-27:61
64            android:name="com.firebase.ui.auth.KickoffActivity"
64-->[com.firebaseui:firebase-ui-auth:6.2.0] AndroidManifest.xml:24:13-64
65            android:exported="false"
65-->[com.firebaseui:firebase-ui-auth:6.2.0] AndroidManifest.xml:25:13-37
66            android:label=""
66-->[com.firebaseui:firebase-ui-auth:6.2.0] AndroidManifest.xml:26:13-29
67            android:theme="@style/FirebaseUI.Transparent" />
67-->[com.firebaseui:firebase-ui-auth:6.2.0] AndroidManifest.xml:27:13-58
68        <activity
68-->[com.firebaseui:firebase-ui-auth:6.2.0] AndroidManifest.xml:28:9-32:61
69            android:name="com.firebase.ui.auth.ui.idp.SingleSignInActivity"
69-->[com.firebaseui:firebase-ui-auth:6.2.0] AndroidManifest.xml:29:13-76
70            android:exported="false"
70-->[com.firebaseui:firebase-ui-auth:6.2.0] AndroidManifest.xml:30:13-37
71            android:label=""
71-->[com.firebaseui:firebase-ui-auth:6.2.0] AndroidManifest.xml:31:13-29
72            android:theme="@style/FirebaseUI.Transparent" />
72-->[com.firebaseui:firebase-ui-auth:6.2.0] AndroidManifest.xml:32:13-58
73        <activity
73-->[com.firebaseui:firebase-ui-auth:6.2.0] AndroidManifest.xml:33:9-37:61
74            android:name="com.firebase.ui.auth.ui.credentials.CredentialSaveActivity"
74-->[com.firebaseui:firebase-ui-auth:6.2.0] AndroidManifest.xml:34:13-86
75            android:exported="false"
75-->[com.firebaseui:firebase-ui-auth:6.2.0] AndroidManifest.xml:35:13-37
76            android:label=""
76-->[com.firebaseui:firebase-ui-auth:6.2.0] AndroidManifest.xml:36:13-29
77            android:theme="@style/FirebaseUI.Transparent" />
77-->[com.firebaseui:firebase-ui-auth:6.2.0] AndroidManifest.xml:37:13-58
78        <activity
78-->[com.firebaseui:firebase-ui-auth:6.2.0] AndroidManifest.xml:38:9-42:58
79            android:name="com.firebase.ui.auth.ui.email.RecoverPasswordActivity"
79-->[com.firebaseui:firebase-ui-auth:6.2.0] AndroidManifest.xml:39:13-81
80            android:exported="false"
80-->[com.firebaseui:firebase-ui-auth:6.2.0] AndroidManifest.xml:40:13-37
81            android:label="@string/fui_title_recover_password_activity"
81-->[com.firebaseui:firebase-ui-auth:6.2.0] AndroidManifest.xml:41:13-72
82            android:windowSoftInputMode="adjustResize" />
82-->[com.firebaseui:firebase-ui-auth:6.2.0] AndroidManifest.xml:42:13-55
83        <activity
83-->[com.firebaseui:firebase-ui-auth:6.2.0] AndroidManifest.xml:43:9-47:58
84            android:name="com.firebase.ui.auth.ui.email.EmailActivity"
84-->[com.firebaseui:firebase-ui-auth:6.2.0] AndroidManifest.xml:44:13-71
85            android:exported="false"
85-->[com.firebaseui:firebase-ui-auth:6.2.0] AndroidManifest.xml:45:13-37
86            android:label="@string/fui_sign_in_default"
86-->[com.firebaseui:firebase-ui-auth:6.2.0] AndroidManifest.xml:46:13-56
87            android:windowSoftInputMode="adjustResize" />
87-->[com.firebaseui:firebase-ui-auth:6.2.0] AndroidManifest.xml:47:13-55
88        <activity
88-->[com.firebaseui:firebase-ui-auth:6.2.0] AndroidManifest.xml:48:9-52:77
89            android:name="com.firebase.ui.auth.ui.phone.PhoneActivity"
89-->[com.firebaseui:firebase-ui-auth:6.2.0] AndroidManifest.xml:49:13-71
90            android:exported="false"
90-->[com.firebaseui:firebase-ui-auth:6.2.0] AndroidManifest.xml:50:13-37
91            android:label="@string/fui_sign_in_with_phone_number"
91-->[com.firebaseui:firebase-ui-auth:6.2.0] AndroidManifest.xml:51:13-66
92            android:windowSoftInputMode="adjustResize|stateAlwaysVisible" />
92-->[com.firebaseui:firebase-ui-auth:6.2.0] AndroidManifest.xml:52:13-74
93        <activity
93-->[com.firebaseui:firebase-ui-auth:6.2.0] AndroidManifest.xml:53:9-57:58
94            android:name="com.firebase.ui.auth.ui.idp.WelcomeBackIdpPrompt"
94-->[com.firebaseui:firebase-ui-auth:6.2.0] AndroidManifest.xml:54:13-76
95            android:exported="false"
95-->[com.firebaseui:firebase-ui-auth:6.2.0] AndroidManifest.xml:55:13-37
96            android:label="@string/fui_title_welcome_back_idp_prompt"
96-->[com.firebaseui:firebase-ui-auth:6.2.0] AndroidManifest.xml:56:13-70
97            android:windowSoftInputMode="adjustResize" />
97-->[com.firebaseui:firebase-ui-auth:6.2.0] AndroidManifest.xml:57:13-55
98        <activity
98-->[com.firebaseui:firebase-ui-auth:6.2.0] AndroidManifest.xml:58:9-62:58
99            android:name="com.firebase.ui.auth.ui.email.WelcomeBackPasswordPrompt"
99-->[com.firebaseui:firebase-ui-auth:6.2.0] AndroidManifest.xml:59:13-83
100            android:exported="false"
100-->[com.firebaseui:firebase-ui-auth:6.2.0] AndroidManifest.xml:60:13-37
101            android:label="@string/fui_title_welcome_back_password_prompt"
101-->[com.firebaseui:firebase-ui-auth:6.2.0] AndroidManifest.xml:61:13-75
102            android:windowSoftInputMode="adjustResize" />
102-->[com.firebaseui:firebase-ui-auth:6.2.0] AndroidManifest.xml:62:13-55
103        <activity
103-->[com.firebaseui:firebase-ui-auth:6.2.0] AndroidManifest.xml:63:9-67:58
104            android:name="com.firebase.ui.auth.ui.email.WelcomeBackEmailLinkPrompt"
104-->[com.firebaseui:firebase-ui-auth:6.2.0] AndroidManifest.xml:64:13-84
105            android:exported="false"
105-->[com.firebaseui:firebase-ui-auth:6.2.0] AndroidManifest.xml:65:13-37
106            android:label="@string/fui_title_welcome_back_password_prompt"
106-->[com.firebaseui:firebase-ui-auth:6.2.0] AndroidManifest.xml:66:13-75
107            android:windowSoftInputMode="adjustResize" />
107-->[com.firebaseui:firebase-ui-auth:6.2.0] AndroidManifest.xml:67:13-55
108        <activity
108-->[com.firebaseui:firebase-ui-auth:6.2.0] AndroidManifest.xml:68:9-73:58
109            android:name="com.firebase.ui.auth.ui.email.EmailLinkCatcherActivity"
109-->[com.firebaseui:firebase-ui-auth:6.2.0] AndroidManifest.xml:69:13-82
110            android:exported="false"
110-->[com.firebaseui:firebase-ui-auth:6.2.0] AndroidManifest.xml:70:13-37
111            android:label=""
111-->[com.firebaseui:firebase-ui-auth:6.2.0] AndroidManifest.xml:71:13-29
112            android:theme="@style/FirebaseUI.Transparent"
112-->[com.firebaseui:firebase-ui-auth:6.2.0] AndroidManifest.xml:72:13-58
113            android:windowSoftInputMode="adjustResize" />
113-->[com.firebaseui:firebase-ui-auth:6.2.0] AndroidManifest.xml:73:13-55
114        <activity
114-->[com.firebaseui:firebase-ui-auth:6.2.0] AndroidManifest.xml:74:9-78:58
115            android:name="com.firebase.ui.auth.ui.email.EmailLinkErrorRecoveryActivity"
115-->[com.firebaseui:firebase-ui-auth:6.2.0] AndroidManifest.xml:75:13-88
116            android:exported="false"
116-->[com.firebaseui:firebase-ui-auth:6.2.0] AndroidManifest.xml:76:13-37
117            android:label="@string/fui_sign_in_default"
117-->[com.firebaseui:firebase-ui-auth:6.2.0] AndroidManifest.xml:77:13-56
118            android:windowSoftInputMode="adjustResize" />
118-->[com.firebaseui:firebase-ui-auth:6.2.0] AndroidManifest.xml:78:13-55
119        <activity
119-->[com.firebaseui:firebase-ui-auth:6.2.0] AndroidManifest.xml:79:9-82:65
120            android:name="com.firebase.ui.auth.ui.idp.AuthMethodPickerActivity"
120-->[com.firebaseui:firebase-ui-auth:6.2.0] AndroidManifest.xml:80:13-80
121            android:exported="false"
121-->[com.firebaseui:firebase-ui-auth:6.2.0] AndroidManifest.xml:81:13-37
122            android:label="@string/fui_default_toolbar_title" />
122-->[com.firebaseui:firebase-ui-auth:6.2.0] AndroidManifest.xml:82:13-62
123        <activity
123-->[com.firebaseui:firebase-ui-auth:6.2.0] AndroidManifest.xml:83:9-87:48
124            android:name="com.facebook.FacebookActivity"
124-->[com.firebaseui:firebase-ui-auth:6.2.0] AndroidManifest.xml:84:13-57
125            android:configChanges="keyboard|keyboardHidden|screenLayout|screenSize|orientation"
125-->[com.firebaseui:firebase-ui-auth:6.2.0] AndroidManifest.xml:85:13-96
126            android:label="@string/app_name" />
126-->[com.firebaseui:firebase-ui-auth:6.2.0] AndroidManifest.xml:86:13-45
127        <activity
127-->[com.firebaseui:firebase-ui-auth:6.2.0] AndroidManifest.xml:88:9-100:20
128            android:name="com.facebook.CustomTabActivity"
128-->[com.firebaseui:firebase-ui-auth:6.2.0] AndroidManifest.xml:89:13-58
129            android:exported="true" >
129-->[com.firebaseui:firebase-ui-auth:6.2.0] AndroidManifest.xml:90:13-36
130            <intent-filter>
130-->[com.firebaseui:firebase-ui-auth:6.2.0] AndroidManifest.xml:92:13-99:29
131                <action android:name="android.intent.action.VIEW" />
131-->[com.firebaseui:firebase-ui-auth:6.2.0] AndroidManifest.xml:93:17-69
131-->[com.firebaseui:firebase-ui-auth:6.2.0] AndroidManifest.xml:93:25-66
132
133                <category android:name="android.intent.category.DEFAULT" />
133-->[com.firebaseui:firebase-ui-auth:6.2.0] AndroidManifest.xml:95:17-76
133-->[com.firebaseui:firebase-ui-auth:6.2.0] AndroidManifest.xml:95:27-73
134                <category android:name="android.intent.category.BROWSABLE" />
134-->[com.firebaseui:firebase-ui-auth:6.2.0] AndroidManifest.xml:96:17-78
134-->[com.firebaseui:firebase-ui-auth:6.2.0] AndroidManifest.xml:96:27-75
135
136                <data android:scheme="@string/facebook_login_protocol_scheme" />
136-->[com.firebaseui:firebase-ui-auth:6.2.0] AndroidManifest.xml:98:17-81
136-->[com.firebaseui:firebase-ui-auth:6.2.0] AndroidManifest.xml:98:23-78
137            </intent-filter>
138        </activity>
139
140        <provider
140-->[com.firebaseui:firebase-ui-auth:6.2.0] AndroidManifest.xml:102:9-106:38
141            android:name="com.firebase.ui.auth.data.client.AuthUiInitProvider"
141-->[com.firebaseui:firebase-ui-auth:6.2.0] AndroidManifest.xml:103:13-79
142            android:authorities="com.sss.foody.box.authuiinitprovider"
142-->[com.firebaseui:firebase-ui-auth:6.2.0] AndroidManifest.xml:104:13-70
143            android:exported="false"
143-->[com.firebaseui:firebase-ui-auth:6.2.0] AndroidManifest.xml:105:13-37
144            android:initOrder="90" />
144-->[com.firebaseui:firebase-ui-auth:6.2.0] AndroidManifest.xml:106:13-35
145
146        <service
146-->[com.google.firebase:firebase-database:19.2.0] AndroidManifest.xml:29:9-35:19
147            android:name="com.google.firebase.components.ComponentDiscoveryService"
147-->[com.google.firebase:firebase-database:19.2.0] AndroidManifest.xml:30:13-84
148            android:directBootAware="true"
148-->[com.google.firebase:firebase-common:19.3.0] AndroidManifest.xml:34:13-43
149            android:exported="false" >
149-->[com.google.firebase:firebase-database:19.2.0] AndroidManifest.xml:31:13-37
150            <meta-data
150-->[com.google.firebase:firebase-database:19.2.0] AndroidManifest.xml:32:13-34:85
151                android:name="com.google.firebase.components:com.google.firebase.database.DatabaseRegistrar"
151-->[com.google.firebase:firebase-database:19.2.0] AndroidManifest.xml:33:17-109
152                android:value="com.google.firebase.components.ComponentRegistrar" />
152-->[com.google.firebase:firebase-database:19.2.0] AndroidManifest.xml:34:17-82
153            <meta-data
153-->[com.google.firebase:firebase-messaging:20.1.0] AndroidManifest.xml:38:13-40:85
154                android:name="com.google.firebase.components:com.google.firebase.messaging.FirebaseMessagingRegistrar"
154-->[com.google.firebase:firebase-messaging:20.1.0] AndroidManifest.xml:39:17-119
155                android:value="com.google.firebase.components.ComponentRegistrar" />
155-->[com.google.firebase:firebase-messaging:20.1.0] AndroidManifest.xml:40:17-82
156            <meta-data
156-->[com.google.firebase:firebase-auth:19.2.0] AndroidManifest.xml:36:13-38:85
157                android:name="com.google.firebase.components:com.google.firebase.auth.FirebaseAuthRegistrar"
157-->[com.google.firebase:firebase-auth:19.2.0] AndroidManifest.xml:37:17-109
158                android:value="com.google.firebase.components.ComponentRegistrar" />
158-->[com.google.firebase:firebase-auth:19.2.0] AndroidManifest.xml:38:17-82
159            <meta-data
159-->[com.google.firebase:firebase-datatransport:17.0.3] AndroidManifest.xml:28:13-30:85
160                android:name="com.google.firebase.components:com.google.firebase.datatransport.TransportRegistrar"
160-->[com.google.firebase:firebase-datatransport:17.0.3] AndroidManifest.xml:29:17-115
161                android:value="com.google.firebase.components.ComponentRegistrar" />
161-->[com.google.firebase:firebase-datatransport:17.0.3] AndroidManifest.xml:30:17-82
162            <meta-data
162-->[com.google.android.gms:play-services-measurement-api:17.2.2] AndroidManifest.xml:30:13-32:85
163                android:name="com.google.firebase.components:com.google.firebase.analytics.connector.internal.AnalyticsConnectorRegistrar"
163-->[com.google.android.gms:play-services-measurement-api:17.2.2] AndroidManifest.xml:31:17-139
164                android:value="com.google.firebase.components.ComponentRegistrar" />
164-->[com.google.android.gms:play-services-measurement-api:17.2.2] AndroidManifest.xml:32:17-82
165            <meta-data
165-->[com.google.firebase:firebase-iid:20.0.2] AndroidManifest.xml:32:13-34:85
166                android:name="com.google.firebase.components:com.google.firebase.iid.Registrar"
166-->[com.google.firebase:firebase-iid:20.0.2] AndroidManifest.xml:33:17-96
167                android:value="com.google.firebase.components.ComponentRegistrar" />
167-->[com.google.firebase:firebase-iid:20.0.2] AndroidManifest.xml:34:17-82
168        </service>
169        <!--
170             FirebaseMessagingService performs security checks at runtime,
171             but set to not exported to explicitly avoid allowing another app to call it.
172        -->
173        <service
173-->[com.google.firebase:firebase-messaging:20.1.0] AndroidManifest.xml:28:9-34:19
174            android:name="com.google.firebase.messaging.FirebaseMessagingService"
174-->[com.google.firebase:firebase-messaging:20.1.0] AndroidManifest.xml:29:13-82
175            android:exported="false" >
175-->[com.google.firebase:firebase-messaging:20.1.0] AndroidManifest.xml:30:13-37
176            <intent-filter android:priority="-500" >
176-->src/main/AndroidManifest.xml:41:13-43:29
177                <action android:name="com.google.firebase.MESSAGING_EVENT" />
177-->src/main/AndroidManifest.xml:42:17-78
177-->src/main/AndroidManifest.xml:42:25-75
178            </intent-filter>
179        </service>
180
181        <activity
181-->[com.google.firebase:firebase-auth:19.2.0] AndroidManifest.xml:24:9-31:50
182            android:name="com.google.firebase.auth.internal.FederatedSignInActivity"
182-->[com.google.firebase:firebase-auth:19.2.0] AndroidManifest.xml:25:13-85
183            android:excludeFromRecents="true"
183-->[com.google.firebase:firebase-auth:19.2.0] AndroidManifest.xml:26:13-46
184            android:exported="true"
184-->[com.google.firebase:firebase-auth:19.2.0] AndroidManifest.xml:27:13-36
185            android:launchMode="singleTask"
185-->[com.google.firebase:firebase-auth:19.2.0] AndroidManifest.xml:28:13-44
186            android:permission="com.google.firebase.auth.api.gms.permission.LAUNCH_FEDERATED_SIGN_IN"
186-->[com.google.firebase:firebase-auth:19.2.0] AndroidManifest.xml:29:13-102
187            android:theme="@android:style/Theme.Translucent.NoTitleBar" />
187-->[com.google.firebase:firebase-auth:19.2.0] AndroidManifest.xml:30:13-72
188
189        <receiver
189-->[com.google.firebase:firebase-iid:20.0.2] AndroidManifest.xml:37:9-44:20
190            android:name="com.google.firebase.iid.FirebaseInstanceIdReceiver"
190-->[com.google.firebase:firebase-iid:20.0.2] AndroidManifest.xml:38:13-78
191            android:exported="true"
191-->[com.google.firebase:firebase-iid:20.0.2] AndroidManifest.xml:39:13-36
192            android:permission="com.google.android.c2dm.permission.SEND" >
192-->[com.google.firebase:firebase-iid:20.0.2] AndroidManifest.xml:40:13-73
193            <intent-filter>
193-->[com.google.firebase:firebase-iid:20.0.2] AndroidManifest.xml:41:13-43:29
194                <action android:name="com.google.android.c2dm.intent.RECEIVE" />
194-->[com.google.firebase:firebase-iid:20.0.2] AndroidManifest.xml:42:17-81
194-->[com.google.firebase:firebase-iid:20.0.2] AndroidManifest.xml:42:25-78
195            </intent-filter>
196        </receiver>
197
198        <provider
198-->[com.google.firebase:firebase-common:19.3.0] AndroidManifest.xml:26:9-30:39
199            android:name="com.google.firebase.provider.FirebaseInitProvider"
199-->[com.google.firebase:firebase-common:19.3.0] AndroidManifest.xml:27:13-77
200            android:authorities="com.sss.foody.box.firebaseinitprovider"
200-->[com.google.firebase:firebase-common:19.3.0] AndroidManifest.xml:28:13-72
201            android:exported="false"
201-->[com.google.firebase:firebase-common:19.3.0] AndroidManifest.xml:29:13-37
202            android:initOrder="100" />
202-->[com.google.firebase:firebase-common:19.3.0] AndroidManifest.xml:30:13-36
203
204        <activity
204-->[com.google.android.gms:play-services-auth:17.0.0] AndroidManifest.xml:23:9-27:75
205            android:name="com.google.android.gms.auth.api.signin.internal.SignInHubActivity"
205-->[com.google.android.gms:play-services-auth:17.0.0] AndroidManifest.xml:24:13-93
206            android:excludeFromRecents="true"
206-->[com.google.android.gms:play-services-auth:17.0.0] AndroidManifest.xml:25:13-46
207            android:exported="false"
207-->[com.google.android.gms:play-services-auth:17.0.0] AndroidManifest.xml:26:13-37
208            android:theme="@android:style/Theme.Translucent.NoTitleBar" />
208-->[com.google.android.gms:play-services-auth:17.0.0] AndroidManifest.xml:27:13-72
209        <!--
210            Service handling Google Sign-In user revocation. For apps that do not integrate with
211            Google Sign-In, this service will never be started.
212        -->
213        <service
213-->[com.google.android.gms:play-services-auth:17.0.0] AndroidManifest.xml:33:9-36:110
214            android:name="com.google.android.gms.auth.api.signin.RevocationBoundService"
214-->[com.google.android.gms:play-services-auth:17.0.0] AndroidManifest.xml:34:13-89
215            android:exported="true"
215-->[com.google.android.gms:play-services-auth:17.0.0] AndroidManifest.xml:35:13-36
216            android:permission="com.google.android.gms.auth.api.signin.permission.REVOCATION_NOTIFICATION" />
216-->[com.google.android.gms:play-services-auth:17.0.0] AndroidManifest.xml:36:13-107
217
218        <activity
218-->[com.google.android.gms:play-services-base:17.1.0] AndroidManifest.xml:23:9-26:75
219            android:name="com.google.android.gms.common.api.GoogleApiActivity"
219-->[com.google.android.gms:play-services-base:17.1.0] AndroidManifest.xml:24:13-79
220            android:exported="false"
220-->[com.google.android.gms:play-services-base:17.1.0] AndroidManifest.xml:25:13-37
221            android:theme="@android:style/Theme.Translucent.NoTitleBar" />
221-->[com.google.android.gms:play-services-base:17.1.0] AndroidManifest.xml:26:13-72
222
223        <receiver
223-->[com.google.android.gms:play-services-measurement:17.2.2] AndroidManifest.xml:29:9-33:20
224            android:name="com.google.android.gms.measurement.AppMeasurementReceiver"
224-->[com.google.android.gms:play-services-measurement:17.2.2] AndroidManifest.xml:30:13-85
225            android:enabled="true"
225-->[com.google.android.gms:play-services-measurement:17.2.2] AndroidManifest.xml:31:13-35
226            android:exported="false" >
226-->[com.google.android.gms:play-services-measurement:17.2.2] AndroidManifest.xml:32:13-37
227        </receiver>
228        <receiver
228-->[com.google.android.gms:play-services-measurement:17.2.2] AndroidManifest.xml:34:9-42:20
229            android:name="com.google.android.gms.measurement.AppMeasurementInstallReferrerReceiver"
229-->[com.google.android.gms:play-services-measurement:17.2.2] AndroidManifest.xml:35:13-100
230            android:enabled="true"
230-->[com.google.android.gms:play-services-measurement:17.2.2] AndroidManifest.xml:36:13-35
231            android:exported="true"
231-->[com.google.android.gms:play-services-measurement:17.2.2] AndroidManifest.xml:37:13-36
232            android:permission="android.permission.INSTALL_PACKAGES" >
232-->[com.google.android.gms:play-services-measurement:17.2.2] AndroidManifest.xml:38:13-69
233            <intent-filter>
233-->[com.google.android.gms:play-services-measurement:17.2.2] AndroidManifest.xml:39:13-41:29
234                <action android:name="com.android.vending.INSTALL_REFERRER" />
234-->[com.google.android.gms:play-services-measurement:17.2.2] AndroidManifest.xml:40:17-79
234-->[com.google.android.gms:play-services-measurement:17.2.2] AndroidManifest.xml:40:25-76
235            </intent-filter>
236        </receiver>
237
238        <service
238-->[com.google.android.gms:play-services-measurement:17.2.2] AndroidManifest.xml:44:9-47:40
239            android:name="com.google.android.gms.measurement.AppMeasurementService"
239-->[com.google.android.gms:play-services-measurement:17.2.2] AndroidManifest.xml:45:13-84
240            android:enabled="true"
240-->[com.google.android.gms:play-services-measurement:17.2.2] AndroidManifest.xml:46:13-35
241            android:exported="false" />
241-->[com.google.android.gms:play-services-measurement:17.2.2] AndroidManifest.xml:47:13-37
242        <service
242-->[com.google.android.gms:play-services-measurement:17.2.2] AndroidManifest.xml:48:9-52:72
243            android:name="com.google.android.gms.measurement.AppMeasurementJobService"
243-->[com.google.android.gms:play-services-measurement:17.2.2] AndroidManifest.xml:49:13-87
244            android:enabled="true"
244-->[com.google.android.gms:play-services-measurement:17.2.2] AndroidManifest.xml:50:13-35
245            android:exported="false"
245-->[com.google.android.gms:play-services-measurement:17.2.2] AndroidManifest.xml:51:13-37
246            android:permission="android.permission.BIND_JOB_SERVICE" />
246-->[com.google.android.gms:play-services-measurement:17.2.2] AndroidManifest.xml:52:13-69
247
248        <provider
248-->[com.crashlytics.sdk.android:crashlytics:2.10.0] AndroidManifest.xml:19:9-23:38
249            android:name="com.crashlytics.android.CrashlyticsInitProvider"
249-->[com.crashlytics.sdk.android:crashlytics:2.10.0] AndroidManifest.xml:20:13-75
250            android:authorities="com.sss.foody.box.crashlyticsinitprovider"
250-->[com.crashlytics.sdk.android:crashlytics:2.10.0] AndroidManifest.xml:21:13-75
251            android:exported="false"
251-->[com.crashlytics.sdk.android:crashlytics:2.10.0] AndroidManifest.xml:22:13-37
252            android:initOrder="90" />
252-->[com.crashlytics.sdk.android:crashlytics:2.10.0] AndroidManifest.xml:23:13-35
253
254        <service
254-->[com.google.android.datatransport:transport-backend-cct:2.2.0] AndroidManifest.xml:29:9-35:19
255            android:name="com.google.android.datatransport.runtime.backends.TransportBackendDiscovery"
255-->[com.google.android.datatransport:transport-backend-cct:2.2.0] AndroidManifest.xml:30:13-103
256            android:exported="false" >
256-->[com.google.android.datatransport:transport-backend-cct:2.2.0] AndroidManifest.xml:31:13-37
257            <meta-data
257-->[com.google.android.datatransport:transport-backend-cct:2.2.0] AndroidManifest.xml:32:13-34:39
258                android:name="backend:com.google.android.datatransport.cct.CctBackendFactory"
258-->[com.google.android.datatransport:transport-backend-cct:2.2.0] AndroidManifest.xml:33:17-94
259                android:value="cct" />
259-->[com.google.android.datatransport:transport-backend-cct:2.2.0] AndroidManifest.xml:34:17-36
260        </service>
261        <service
261-->[com.google.android.datatransport:transport-runtime:2.2.0] AndroidManifest.xml:26:9-30:19